#
# There is insufficient memory for the Java Runtime Environment to continue.
# Native memory allocation (mmap) failed to map 37748736 bytes for Failed to commit area from 0x0000000091a00000 to 0x0000000093e00000 of length 37748736.
# Possible reasons:
#   The system is out of physical RAM or swap space
#   The process is running with CompressedOops enabled, and the Java Heap may be blocking the growth of the native heap
# Possible solutions:
#   Reduce memory load on the system
#   Increase physical memory or swap space
#   Check if swap backing store is full
#   Decrease Java heap size (-Xmx/-Xms)
#   Decrease number of Java threads
#   Decrease Java thread stack sizes (-Xss)
#   Set larger code cache with -XX:ReservedCodeCacheSize=
#   JVM is running with Unscaled Compressed Oops mode in which the Java heap is
#     placed in the first 4GB address space. The Java Heap base address is the
#     maximum limit for the native heap growth. Please use -XX:HeapBaseMinAddress
#     to set the Java Heap base and to place the Java Heap above 4GB virtual address.
# This output file may be truncated or incomplete.
#
#  Out of Memory Error (./open/src/hotspot/os/windows/os_windows.cpp:3275), pid=6348, tid=10388
#
# JRE version: Java(TM) SE Runtime Environment 18.9 (11.0.9+7) (build 11.0.9+7-LTS)
# Java VM: Java HotSpot(TM) 64-Bit Server VM 18.9 (11.0.9+7-LTS, mixed mode, tiered, compressed oops, g1 gc, windows-amd64)
# No core dump will be written. Minidumps are not enabled by default on client versions of Windows
#

---------------  S U M M A R Y ------------

Command Line: -XX:TieredStopAtLevel=1 -Xverify:none -Dspring.output.ansi.enabled=always -Dcom.sun.management.jmxremote -Dspring.jmx.enabled=true -Dspring.liveBeansView.mbeanDomain -Dspring.application.admin.enabled=true -javaagent:D:\JetBrains\IntelliJ IDEA\lib\idea_rt.jar=7159:D:\JetBrains\IntelliJ IDEA\bin -Dfile.encoding=UTF-8 by.bsu.springrest.SpringRestApplication

Host: AMD A6-9200 RADEON R4, 5 COMPUTE CORES 2C+3G   , 2 cores, 7G,  Windows 10 , 64 bit Build 17763 (10.0.17763.475)
Time: Wed Nov  4 17:35:04 2020 RTZ 2 (ceia) elapsed time: 15.860038 seconds (0d 0h 0m 15s)

---------------  T H R E A D  ---------------

Current thread (0x000001b13cdfe800):  VMThread "VM Thread" [stack: 0x0000006470200000,0x0000006470300000] [id=10388]

Stack: [0x0000006470200000,0x0000006470300000]
[error occurred during error reporting (printing stack bounds), id 0xc0000005, EXCEPTION_ACCESS_VIOLATION (0xc0000005) at pc=0x000001b127710dad]

Native frames: (J=compiled Java code, j=interpreted, Vv=VM code, C=native code)
V  [jvm.dll+0x611a3a]
V  [jvm.dll+0x748aaf]
V  [jvm.dll+0x74a135]
V  [jvm.dll+0x74a715]
V  [jvm.dll+0x74a6cb]
V  [jvm.dll+0x611323]
V  [jvm.dll+0x6116e8]
C  [ntdll.dll+0xa479f]
C  [ntdll.dll+0x4bef]
C  [ntdll.dll+0xa350e]
C  0x000001b127710dad

VM_Operation (0x00000064715fd230): CollectForMetadataAllocation, mode: safepoint, requested by thread 0x000001b13f7a8800


---------------  P R O C E S S  ---------------

Threads class SMR info:
_java_thread_list=0x000001b141dee4d0, length=30, elements={
0x000001b11f2aa000, 0x000001b13ce22000, 0x000001b13ce23800, 0x000001b13ce41800,
0x000001b13ce42800, 0x000001b13ce44800, 0x000001b13ce47800, 0x000001b13d8ba800,
0x000001b13de83000, 0x000001b13de84000, 0x000001b13e002000, 0x000001b13f65a800,
0x000001b13f1c9800, 0x000001b13f89c800, 0x000001b13f82e800, 0x000001b13f7a6800,
0x000001b13f7a8800, 0x000001b13f7aa000, 0x000001b141e56800, 0x000001b141e54800,
0x000001b141e58000, 0x000001b141e57000, 0x000001b141e53000, 0x000001b141e55800,
0x000001b141e52800, 0x000001b141e59000, 0x000001b141e54000, 0x000001b141ee6800,
0x000001b141ee7800, 0x000001b141ee8800
}

Java Threads: ( => current thread )
  0x000001b11f2aa000 JavaThread "main" [_thread_blocked, id=11696, stack(0x000000646fc00000,0x000000646fd00000)]
  0x000001b13ce22000 JavaThread "Reference Handler" daemon [_thread_blocked, id=10516, stack(0x0000006470300000,0x0000006470400000)]
  0x000001b13ce23800 JavaThread "Finalizer" daemon [_thread_blocked, id=13148, stack(0x0000006470400000,0x0000006470500000)]
  0x000001b13ce41800 JavaThread "Signal Dispatcher" daemon [_thread_blocked, id=12700, stack(0x0000006470500000,0x0000006470600000)]
  0x000001b13ce42800 JavaThread "Attach Listener" daemon [_thread_blocked, id=1080, stack(0x0000006470600000,0x0000006470700000)]
  0x000001b13ce44800 JavaThread "C1 CompilerThread0" daemon [_thread_blocked, id=5492, stack(0x0000006470700000,0x0000006470800000)]
  0x000001b13ce47800 JavaThread "Sweeper thread" daemon [_thread_blocked, id=8836, stack(0x0000006470800000,0x0000006470900000)]
  0x000001b13d8ba800 JavaThread "Common-Cleaner" daemon [_thread_blocked, id=10508, stack(0x0000006470900000,0x0000006470a00000)]
  0x000001b13de83000 JavaThread "Monitor Ctrl-Break" daemon [_thread_in_native, id=9132, stack(0x0000006470b00000,0x0000006470c00000)]
  0x000001b13de84000 JavaThread "Service Thread" daemon [_thread_blocked, id=12648, stack(0x0000006470c00000,0x0000006470d00000)]
  0x000001b13e002000 JavaThread "RMI TCP Accept-0" daemon [_thread_in_native, id=13144, stack(0x0000006470d00000,0x0000006470e00000)]
  0x000001b13f65a800 JavaThread "Catalina-utility-1" [_thread_blocked, id=12512, stack(0x0000006470f00000,0x0000006471000000)]
  0x000001b13f1c9800 JavaThread "Catalina-utility-2" [_thread_blocked, id=3784, stack(0x0000006471000000,0x0000006471100000)]
  0x000001b13f89c800 JavaThread "container-0" [_thread_blocked, id=9892, stack(0x0000006471100000,0x0000006471200000)]
  0x000001b13f82e800 JavaThread "mysql-cj-abandoned-connection-cleanup" daemon [_thread_blocked, id=10412, stack(0x0000006471200000,0x0000006471300000)]
  0x000001b13f7a6800 JavaThread "HikariPool-1 housekeeper" daemon [_thread_blocked, id=12860, stack(0x0000006471400000,0x0000006471500000)]
  0x000001b13f7a8800 JavaThread "task-1" [_thread_blocked, id=5016, stack(0x0000006471500000,0x0000006471600000)]
  0x000001b13f7aa000 JavaThread "HikariPool-1 connection adder" daemon [_thread_blocked, id=11412, stack(0x0000006471600000,0x0000006471700000)]
  0x000001b141e56800 JavaThread "http-nio-8080-BlockPoller" daemon [_thread_blocked, id=9676, stack(0x0000006471700000,0x0000006471800000)]
  0x000001b141e54800 JavaThread "http-nio-8080-exec-1" daemon [_thread_blocked, id=292, stack(0x0000006471800000,0x0000006471900000)]
  0x000001b141e58000 JavaThread "http-nio-8080-exec-2" daemon [_thread_blocked, id=6588, stack(0x0000006471900000,0x0000006471a00000)]
  0x000001b141e57000 JavaThread "http-nio-8080-exec-3" daemon [_thread_blocked, id=7032, stack(0x0000006471a00000,0x0000006471b00000)]
  0x000001b141e53000 JavaThread "http-nio-8080-exec-4" daemon [_thread_blocked, id=9496, stack(0x0000006471b00000,0x0000006471c00000)]
  0x000001b141e55800 JavaThread "http-nio-8080-exec-5" daemon [_thread_blocked, id=1244, stack(0x0000006471c00000,0x0000006471d00000)]
  0x000001b141e52800 JavaThread "http-nio-8080-exec-6" daemon [_thread_blocked, id=10220, stack(0x0000006471d00000,0x0000006471e00000)]
  0x000001b141e59000 JavaThread "http-nio-8080-exec-7" daemon [_thread_blocked, id=7648, stack(0x0000006471e00000,0x0000006471f00000)]
  0x000001b141e54000 JavaThread "http-nio-8080-exec-8" daemon [_thread_blocked, id=8480, stack(0x0000006471f00000,0x0000006472000000)]
  0x000001b141ee6800 JavaThread "http-nio-8080-exec-9" daemon [_thread_blocked, id=10960, stack(0x0000006472000000,0x0000006472100000)]
  0x000001b141ee7800 JavaThread "http-nio-8080-exec-10" daemon [_thread_blocked, id=368, stack(0x0000006472100000,0x0000006472200000)]
  0x000001b141ee8800 JavaThread "http-nio-8080-ClientPoller" daemon [_thread_blocked, id=11400, stack(0x0000006472200000,0x0000006472300000)]

Other Threads:
=>0x000001b13cdfe800 VMThread "VM Thread" [stack: 0x0000006470200000,0x0000006470300000] [id=10388]
  0x000001b13dfff800 WatcherThread [stack: 0x0000006470e00000,0x0000006470f00000] [id=9088]
  0x000001b11f2bf800 GCTaskThread "GC Thread#0" [stack: 0x000000646fd00000,0x000000646fe00000] [id=9764]
  0x000001b13db6e000 GCTaskThread "GC Thread#1" [stack: 0x0000006470a00000,0x0000006470b00000] [id=11212]
  0x000001b11f2ef800 ConcurrentGCThread "G1 Main Marker" [stack: 0x000000646fe00000,0x000000646ff00000] [id=13072]
  0x000001b11f2f1000 ConcurrentGCThread "G1 Conc#0" [stack: 0x000000646ff00000,0x0000006470000000] [id=12464]
  0x000001b11f363800 ConcurrentGCThread "G1 Refine#0" [stack: 0x0000006470000000,0x0000006470100000] [id=7256]
  0x000001b11f364800 ConcurrentGCThread "G1 Young RemSet Sampling" [stack: 0x0000006470100000,0x0000006470200000] [id=1528]

Threads with active compile tasks:

VM state:at safepoint (normal execution)

VM Mutex/Monitor currently owned by a thread:  ([mutex/lock_event])
[0x000001b11f2a8260] Threads_lock - owner thread: 0x000001b13cdfe800
[0x000001b11f2a8920] Heap_lock - owner thread: 0x000001b13f7a8800

Heap address: 0x0000000088a00000, size: 1910 MB, Compressed Oops mode: 32-bit
Narrow klass base: 0x0000000000000000, Narrow klass shift: 3
Compressed class space size: 1073741824 Address: 0x0000000100000000

Heap:
 garbage-first heap   total 184320K, used 31434K [0x0000000088a00000, 0x0000000100000000)
  region size 1024K, 6 young (6144K), 6 survivors (6144K)
 Metaspace       used 58903K, capacity 60256K, committed 60420K, reserved 1101824K
  class space    used 7628K, capacity 8175K, committed 8276K, reserved 1048576K
Heap Regions: E=young(eden), S=young(survivor), O=old, HS=humongous(starts), HC=humongous(continues), CS=collection set, F=free, A=archive, TAMS=top-at-mark-start (previous, next)
|   0|0x0000000088a00000, 0x0000000088b00000, 0x0000000088b00000|100%|HS|  |TAMS 0x0000000088b00000, 0x0000000088b00000| Complete 
|   1|0x0000000088b00000, 0x0000000088c00000, 0x0000000088c00000|100%| O|  |TAMS 0x0000000088c00000, 0x0000000088c00000| Untracked 
|   2|0x0000000088c00000, 0x0000000088d00000, 0x0000000088d00000|100%| O|  |TAMS 0x0000000088d00000, 0x0000000088d00000| Untracked 
|   3|0x0000000088d00000, 0x0000000088e00000, 0x0000000088e00000|100%| O|  |TAMS 0x0000000088e00000, 0x0000000088e00000| Untracked 
|   4|0x0000000088e00000, 0x0000000088f00000, 0x0000000088f00000|100%| O|  |TAMS 0x0000000088f00000, 0x0000000088f00000| Untracked 
|   5|0x0000000088f00000, 0x0000000089000000, 0x0000000089000000|100%| O|  |TAMS 0x0000000089000000, 0x0000000089000000| Untracked 
|   6|0x0000000089000000, 0x0000000089100000, 0x0000000089100000|100%| O|  |TAMS 0x0000000089100000, 0x0000000089100000| Untracked 
|   7|0x0000000089100000, 0x0000000089200000, 0x0000000089200000|100%| O|  |TAMS 0x0000000089200000, 0x0000000089200000| Untracked 
|   8|0x0000000089200000, 0x0000000089300000, 0x0000000089300000|100%| O|  |TAMS 0x0000000089300000, 0x0000000089300000| Untracked 
|   9|0x0000000089300000, 0x0000000089400000, 0x0000000089400000|100%| O|  |TAMS 0x0000000089400000, 0x0000000089400000| Untracked 
|  10|0x0000000089400000, 0x0000000089500000, 0x0000000089500000|100%| O|  |TAMS 0x00000000894e0000, 0x0000000089500000| Untracked 
|  11|0x0000000089500000, 0x0000000089600000, 0x0000000089600000|100%| O|  |TAMS 0x0000000089500000, 0x0000000089600000| Untracked 
|  12|0x0000000089600000, 0x0000000089700000, 0x0000000089700000|100%| O|  |TAMS 0x0000000089600000, 0x0000000089700000| Untracked 
|  13|0x0000000089700000, 0x0000000089800000, 0x0000000089800000|100%| O|  |TAMS 0x0000000089700000, 0x0000000089800000| Untracked 
|  14|0x0000000089800000, 0x0000000089900000, 0x0000000089900000|100%| O|  |TAMS 0x0000000089800000, 0x0000000089900000| Untracked 
|  15|0x0000000089900000, 0x0000000089a00000, 0x0000000089a00000|100%| O|  |TAMS 0x0000000089900000, 0x0000000089a00000| Untracked 
|  16|0x0000000089a00000, 0x0000000089b00000, 0x0000000089b00000|100%| O|  |TAMS 0x0000000089a00000, 0x0000000089b00000| Untracked 
|  17|0x0000000089b00000, 0x0000000089c00000, 0x0000000089c00000|100%| O|  |TAMS 0x0000000089b00000, 0x0000000089c00000| Untracked 
|  18|0x0000000089c00000, 0x0000000089d00000, 0x0000000089d00000|100%| O|  |TAMS 0x0000000089c00000, 0x0000000089d00000| Untracked 
|  19|0x0000000089d00000, 0x0000000089e00000, 0x0000000089e00000|100%| O|  |TAMS 0x0000000089d00000, 0x0000000089e00000| Untracked 
|  20|0x0000000089e00000, 0x0000000089f00000, 0x0000000089f00000|100%| O|  |TAMS 0x0000000089e00000, 0x0000000089f00000| Untracked 
|  21|0x0000000089f00000, 0x000000008a000000, 0x000000008a000000|100%| O|  |TAMS 0x0000000089f00000, 0x000000008a000000| Untracked 
|  22|0x000000008a000000, 0x000000008a100000, 0x000000008a100000|100%| O|  |TAMS 0x000000008a000000, 0x000000008a100000| Untracked 
|  23|0x000000008a100000, 0x000000008a200000, 0x000000008a200000|100%| O|  |TAMS 0x000000008a100000, 0x000000008a200000| Untracked 
|  24|0x000000008a200000, 0x000000008a2b2a00, 0x000000008a300000| 69%| O|  |TAMS 0x000000008a200000, 0x000000008a2b2a00| Untracked 
|  25|0x000000008a300000, 0x000000008a300000, 0x000000008a400000|  0%| F|  |TAMS 0x000000008a300000, 0x000000008a300000| Untracked 
|  26|0x000000008a400000, 0x000000008a400000, 0x000000008a500000|  0%| F|  |TAMS 0x000000008a400000, 0x000000008a400000| Untracked 
|  27|0x000000008a500000, 0x000000008a500000, 0x000000008a600000|  0%| F|  |TAMS 0x000000008a500000, 0x000000008a500000| Untracked 
|  28|0x000000008a600000, 0x000000008a600000, 0x000000008a700000|  0%| F|  |TAMS 0x000000008a600000, 0x000000008a600000| Untracked 
|  29|0x000000008a700000, 0x000000008a700000, 0x000000008a800000|  0%| F|  |TAMS 0x000000008a700000, 0x000000008a700000| Untracked 
|  30|0x000000008a800000, 0x000000008a800000, 0x000000008a900000|  0%| F|  |TAMS 0x000000008a800000, 0x000000008a800000| Untracked 
|  31|0x000000008a900000, 0x000000008a900000, 0x000000008aa00000|  0%| F|  |TAMS 0x000000008a900000, 0x000000008a900000| Untracked 
|  32|0x000000008aa00000, 0x000000008aa00000, 0x000000008ab00000|  0%| F|  |TAMS 0x000000008aa00000, 0x000000008aa00000| Untracked 
|  33|0x000000008ab00000, 0x000000008ab00000, 0x000000008ac00000|  0%| F|  |TAMS 0x000000008ab00000, 0x000000008ab00000| Untracked 
|  34|0x000000008ac00000, 0x000000008ac00000, 0x000000008ad00000|  0%| F|  |TAMS 0x000000008ac00000, 0x000000008ac00000| Untracked 
|  35|0x000000008ad00000, 0x000000008ad00000, 0x000000008ae00000|  0%| F|  |TAMS 0x000000008ad00000, 0x000000008ad00000| Untracked 
|  36|0x000000008ae00000, 0x000000008ae00000, 0x000000008af00000|  0%| F|  |TAMS 0x000000008ae00000, 0x000000008ae00000| Untracked 
|  37|0x000000008af00000, 0x000000008af00000, 0x000000008b000000|  0%| F|  |TAMS 0x000000008af00000, 0x000000008af00000| Untracked 
|  38|0x000000008b000000, 0x000000008b000000, 0x000000008b100000|  0%| F|  |TAMS 0x000000008b000000, 0x000000008b000000| Untracked 
|  39|0x000000008b100000, 0x000000008b100000, 0x000000008b200000|  0%| F|  |TAMS 0x000000008b100000, 0x000000008b100000| Untracked 
|  40|0x000000008b200000, 0x000000008b200000, 0x000000008b300000|  0%| F|  |TAMS 0x000000008b200000, 0x000000008b200000| Untracked 
|  41|0x000000008b300000, 0x000000008b300000, 0x000000008b400000|  0%| F|  |TAMS 0x000000008b300000, 0x000000008b300000| Untracked 
|  42|0x000000008b400000, 0x000000008b400000, 0x000000008b500000|  0%| F|  |TAMS 0x000000008b400000, 0x000000008b400000| Untracked 
|  43|0x000000008b500000, 0x000000008b500000, 0x000000008b600000|  0%| F|  |TAMS 0x000000008b500000, 0x000000008b500000| Untracked 
|  44|0x000000008b600000, 0x000000008b600000, 0x000000008b700000|  0%| F|  |TAMS 0x000000008b600000, 0x000000008b600000| Untracked 
|  45|0x000000008b700000, 0x000000008b700000, 0x000000008b800000|  0%| F|  |TAMS 0x000000008b700000, 0x000000008b700000| Untracked 
|  46|0x000000008b800000, 0x000000008b800000, 0x000000008b900000|  0%| F|  |TAMS 0x000000008b800000, 0x000000008b800000| Untracked 
|  47|0x000000008b900000, 0x000000008b900000, 0x000000008ba00000|  0%| F|  |TAMS 0x000000008b900000, 0x000000008b900000| Untracked 
|  48|0x000000008ba00000, 0x000000008ba00000, 0x000000008bb00000|  0%| F|  |TAMS 0x000000008ba00000, 0x000000008ba00000| Untracked 
|  49|0x000000008bb00000, 0x000000008bb00000, 0x000000008bc00000|  0%| F|  |TAMS 0x000000008bb00000, 0x000000008bb00000| Untracked 
|  50|0x000000008bc00000, 0x000000008bc00000, 0x000000008bd00000|  0%| F|  |TAMS 0x000000008bc00000, 0x000000008bc00000| Untracked 
|  51|0x000000008bd00000, 0x000000008bd00000, 0x000000008be00000|  0%| F|  |TAMS 0x000000008bd00000, 0x000000008bd00000| Untracked 
|  52|0x000000008be00000, 0x000000008be00000, 0x000000008bf00000|  0%| F|  |TAMS 0x000000008be00000, 0x000000008be00000| Untracked 
|  53|0x000000008bf00000, 0x000000008bf00000, 0x000000008c000000|  0%| F|  |TAMS 0x000000008bf00000, 0x000000008bf00000| Untracked 
|  54|0x000000008c000000, 0x000000008c000000, 0x000000008c100000|  0%| F|  |TAMS 0x000000008c000000, 0x000000008c000000| Untracked 
|  55|0x000000008c100000, 0x000000008c100000, 0x000000008c200000|  0%| F|  |TAMS 0x000000008c100000, 0x000000008c100000| Untracked 
|  56|0x000000008c200000, 0x000000008c200000, 0x000000008c300000|  0%| F|  |TAMS 0x000000008c200000, 0x000000008c200000| Untracked 
|  57|0x000000008c300000, 0x000000008c300000, 0x000000008c400000|  0%| F|  |TAMS 0x000000008c300000, 0x000000008c300000| Untracked 
|  58|0x000000008c400000, 0x000000008c400000, 0x000000008c500000|  0%| F|  |TAMS 0x000000008c400000, 0x000000008c400000| Untracked 
|  59|0x000000008c500000, 0x000000008c500000, 0x000000008c600000|  0%| F|  |TAMS 0x000000008c500000, 0x000000008c500000| Untracked 
|  60|0x000000008c600000, 0x000000008c600000, 0x000000008c700000|  0%| F|  |TAMS 0x000000008c600000, 0x000000008c600000| Untracked 
|  61|0x000000008c700000, 0x000000008c700000, 0x000000008c800000|  0%| F|  |TAMS 0x000000008c700000, 0x000000008c700000| Untracked 
|  62|0x000000008c800000, 0x000000008c800000, 0x000000008c900000|  0%| F|  |TAMS 0x000000008c800000, 0x000000008c800000| Untracked 
|  63|0x000000008c900000, 0x000000008c900000, 0x000000008ca00000|  0%| F|  |TAMS 0x000000008c900000, 0x000000008c900000| Untracked 
|  64|0x000000008ca00000, 0x000000008ca00000, 0x000000008cb00000|  0%| F|  |TAMS 0x000000008ca00000, 0x000000008ca00000| Untracked 
|  65|0x000000008cb00000, 0x000000008cb00000, 0x000000008cc00000|  0%| F|  |TAMS 0x000000008cb00000, 0x000000008cb00000| Untracked 
|  66|0x000000008cc00000, 0x000000008cc00000, 0x000000008cd00000|  0%| F|  |TAMS 0x000000008cc00000, 0x000000008cc00000| Untracked 
|  67|0x000000008cd00000, 0x000000008cd00000, 0x000000008ce00000|  0%| F|  |TAMS 0x000000008cd00000, 0x000000008cd00000| Untracked 
|  68|0x000000008ce00000, 0x000000008ce00000, 0x000000008cf00000|  0%| F|  |TAMS 0x000000008ce00000, 0x000000008ce00000| Untracked 
|  69|0x000000008cf00000, 0x000000008cf00000, 0x000000008d000000|  0%| F|  |TAMS 0x000000008cf00000, 0x000000008cf00000| Untracked 
|  70|0x000000008d000000, 0x000000008d000000, 0x000000008d100000|  0%| F|  |TAMS 0x000000008d000000, 0x000000008d000000| Untracked 
|  71|0x000000008d100000, 0x000000008d100000, 0x000000008d200000|  0%| F|  |TAMS 0x000000008d100000, 0x000000008d100000| Untracked 
|  72|0x000000008d200000, 0x000000008d200000, 0x000000008d300000|  0%| F|  |TAMS 0x000000008d200000, 0x000000008d200000| Untracked 
|  73|0x000000008d300000, 0x000000008d300000, 0x000000008d400000|  0%| F|  |TAMS 0x000000008d300000, 0x000000008d300000| Untracked 
|  74|0x000000008d400000, 0x000000008d400000, 0x000000008d500000|  0%| F|  |TAMS 0x000000008d400000, 0x000000008d400000| Untracked 
|  75|0x000000008d500000, 0x000000008d500000, 0x000000008d600000|  0%| F|  |TAMS 0x000000008d500000, 0x000000008d500000| Untracked 
|  76|0x000000008d600000, 0x000000008d600000, 0x000000008d700000|  0%| F|  |TAMS 0x000000008d600000, 0x000000008d600000| Untracked 
|  77|0x000000008d700000, 0x000000008d700000, 0x000000008d800000|  0%| F|  |TAMS 0x000000008d700000, 0x000000008d700000| Untracked 
|  78|0x000000008d800000, 0x000000008d800000, 0x000000008d900000|  0%| F|  |TAMS 0x000000008d800000, 0x000000008d800000| Untracked 
|  79|0x000000008d900000, 0x000000008d900000, 0x000000008da00000|  0%| F|  |TAMS 0x000000008d900000, 0x000000008d900000| Untracked 
|  80|0x000000008da00000, 0x000000008da00000, 0x000000008db00000|  0%| F|  |TAMS 0x000000008da00000, 0x000000008da00000| Untracked 
|  81|0x000000008db00000, 0x000000008db00000, 0x000000008dc00000|  0%| F|  |TAMS 0x000000008db00000, 0x000000008db00000| Untracked 
|  82|0x000000008dc00000, 0x000000008dc00000, 0x000000008dd00000|  0%| F|  |TAMS 0x000000008dc00000, 0x000000008dc00000| Untracked 
|  83|0x000000008dd00000, 0x000000008dd00000, 0x000000008de00000|  0%| F|  |TAMS 0x000000008dd00000, 0x000000008dd00000| Untracked 
|  84|0x000000008de00000, 0x000000008de00000, 0x000000008df00000|  0%| F|  |TAMS 0x000000008de00000, 0x000000008de00000| Untracked 
|  85|0x000000008df00000, 0x000000008df00000, 0x000000008e000000|  0%| F|  |TAMS 0x000000008df00000, 0x000000008df00000| Untracked 
|  86|0x000000008e000000, 0x000000008e000000, 0x000000008e100000|  0%| F|  |TAMS 0x000000008e000000, 0x000000008e000000| Untracked 
|  87|0x000000008e100000, 0x000000008e100000, 0x000000008e200000|  0%| F|  |TAMS 0x000000008e100000, 0x000000008e100000| Untracked 
|  88|0x000000008e200000, 0x000000008e200000, 0x000000008e300000|  0%| F|  |TAMS 0x000000008e200000, 0x000000008e200000| Untracked 
|  89|0x000000008e300000, 0x000000008e300000, 0x000000008e400000|  0%| F|  |TAMS 0x000000008e300000, 0x000000008e300000| Untracked 
|  90|0x000000008e400000, 0x000000008e400000, 0x000000008e500000|  0%| F|  |TAMS 0x000000008e400000, 0x000000008e400000| Untracked 
|  91|0x000000008e500000, 0x000000008e500000, 0x000000008e600000|  0%| F|  |TAMS 0x000000008e500000, 0x000000008e500000| Untracked 
|  92|0x000000008e600000, 0x000000008e600000, 0x000000008e700000|  0%| F|  |TAMS 0x000000008e600000, 0x000000008e600000| Untracked 
|  93|0x000000008e700000, 0x000000008e700000, 0x000000008e800000|  0%| F|  |TAMS 0x000000008e700000, 0x000000008e700000| Untracked 
|  94|0x000000008e800000, 0x000000008e800000, 0x000000008e900000|  0%| F|  |TAMS 0x000000008e800000, 0x000000008e800000| Untracked 
|  95|0x000000008e900000, 0x000000008e900000, 0x000000008ea00000|  0%| F|  |TAMS 0x000000008e900000, 0x000000008e900000| Untracked 
|  96|0x000000008ea00000, 0x000000008ea00000, 0x000000008eb00000|  0%| F|  |TAMS 0x000000008ea00000, 0x000000008ea00000| Untracked 
|  97|0x000000008eb00000, 0x000000008eb00000, 0x000000008ec00000|  0%| F|  |TAMS 0x000000008eb00000, 0x000000008eb00000| Untracked 
|  98|0x000000008ec00000, 0x000000008ec00000, 0x000000008ed00000|  0%| F|  |TAMS 0x000000008ec00000, 0x000000008ec00000| Untracked 
|  99|0x000000008ed00000, 0x000000008ed00000, 0x000000008ee00000|  0%| F|  |TAMS 0x000000008ed00000, 0x000000008ed00000| Untracked 
| 100|0x000000008ee00000, 0x000000008ee00000, 0x000000008ef00000|  0%| F|  |TAMS 0x000000008ee00000, 0x000000008ee00000| Untracked 
| 101|0x000000008ef00000, 0x000000008ef00000, 0x000000008f000000|  0%| F|  |TAMS 0x000000008ef00000, 0x000000008ef00000| Untracked 
| 102|0x000000008f000000, 0x000000008f000000, 0x000000008f100000|  0%| F|  |TAMS 0x000000008f000000, 0x000000008f000000| Untracked 
| 103|0x000000008f100000, 0x000000008f100000, 0x000000008f200000|  0%| F|  |TAMS 0x000000008f100000, 0x000000008f100000| Untracked 
| 104|0x000000008f200000, 0x000000008f200000, 0x000000008f300000|  0%| F|  |TAMS 0x000000008f200000, 0x000000008f200000| Untracked 
| 105|0x000000008f300000, 0x000000008f300000, 0x000000008f400000|  0%| F|  |TAMS 0x000000008f300000, 0x000000008f300000| Untracked 
| 106|0x000000008f400000, 0x000000008f400000, 0x000000008f500000|  0%| F|  |TAMS 0x000000008f400000, 0x000000008f400000| Untracked 
| 107|0x000000008f500000, 0x000000008f500000, 0x000000008f600000|  0%| F|  |TAMS 0x000000008f500000, 0x000000008f500000| Untracked 
| 108|0x000000008f600000, 0x000000008f600000, 0x000000008f700000|  0%| F|  |TAMS 0x000000008f600000, 0x000000008f600000| Untracked 
| 109|0x000000008f700000, 0x000000008f700000, 0x000000008f800000|  0%| F|  |TAMS 0x000000008f700000, 0x000000008f700000| Untracked 
| 110|0x000000008f800000, 0x000000008f800000, 0x000000008f900000|  0%| F|  |TAMS 0x000000008f800000, 0x000000008f800000| Untracked 
| 111|0x000000008f900000, 0x000000008f900000, 0x000000008fa00000|  0%| F|  |TAMS 0x000000008f900000, 0x000000008f900000| Untracked 
| 112|0x000000008fa00000, 0x000000008fb00000, 0x000000008fb00000|100%| S|CS|TAMS 0x000000008fa00000, 0x000000008fa00000| Complete 
| 113|0x000000008fb00000, 0x000000008fc00000, 0x000000008fc00000|100%| S|CS|TAMS 0x000000008fb00000, 0x000000008fb00000| Complete 
| 114|0x000000008fc00000, 0x000000008fd00000, 0x000000008fd00000|100%| S|CS|TAMS 0x000000008fc00000, 0x000000008fc00000| Complete 
| 115|0x000000008fd00000, 0x000000008fe00000, 0x000000008fe00000|100%| S|CS|TAMS 0x000000008fd00000, 0x000000008fd00000| Complete 
| 116|0x000000008fe00000, 0x000000008ff00000, 0x000000008ff00000|100%| S|CS|TAMS 0x000000008fe00000, 0x000000008fe00000| Complete 
| 117|0x000000008ff00000, 0x0000000090000000, 0x0000000090000000|100%| S|CS|TAMS 0x000000008ff00000, 0x000000008ff00000| Complete 
| 118|0x0000000090000000, 0x0000000090000000, 0x0000000090100000|  0%| F|  |TAMS 0x0000000090000000, 0x0000000090000000| Untracked 
| 119|0x0000000090100000, 0x0000000090100000, 0x0000000090200000|  0%| F|  |TAMS 0x0000000090100000, 0x0000000090100000| Untracked 
| 120|0x0000000090200000, 0x0000000090200000, 0x0000000090300000|  0%| F|  |TAMS 0x0000000090200000, 0x0000000090200000| Untracked 
| 121|0x0000000090300000, 0x0000000090300000, 0x0000000090400000|  0%| F|  |TAMS 0x0000000090300000, 0x0000000090300000| Untracked 
| 122|0x0000000090400000, 0x0000000090400000, 0x0000000090500000|  0%| F|  |TAMS 0x0000000090400000, 0x0000000090400000| Untracked 
| 123|0x0000000090500000, 0x0000000090500000, 0x0000000090600000|  0%| F|  |TAMS 0x0000000090500000, 0x0000000090500000| Untracked 
| 124|0x0000000090600000, 0x0000000090600000, 0x0000000090700000|  0%| F|  |TAMS 0x0000000090600000, 0x0000000090600000| Untracked 
| 125|0x0000000090700000, 0x0000000090700000, 0x0000000090800000|  0%| F|  |TAMS 0x0000000090700000, 0x0000000090700000| Untracked 
| 126|0x0000000090800000, 0x0000000090800000, 0x0000000090900000|  0%| F|  |TAMS 0x0000000090800000, 0x0000000090800000| Untracked 
| 127|0x0000000090900000, 0x0000000090900000, 0x0000000090a00000|  0%| F|  |TAMS 0x0000000090900000, 0x0000000090900000| Untracked 
| 128|0x0000000090a00000, 0x0000000090a00000, 0x0000000090b00000|  0%| F|  |TAMS 0x0000000090a00000, 0x0000000090a00000| Untracked 
| 129|0x0000000090b00000, 0x0000000090b00000, 0x0000000090c00000|  0%| F|  |TAMS 0x0000000090b00000, 0x0000000090b00000| Untracked 
| 130|0x0000000090c00000, 0x0000000090c00000, 0x0000000090d00000|  0%| F|  |TAMS 0x0000000090c00000, 0x0000000090c00000| Untracked 
| 131|0x0000000090d00000, 0x0000000090d00000, 0x0000000090e00000|  0%| F|  |TAMS 0x0000000090d00000, 0x0000000090d00000| Untracked 
| 132|0x0000000090e00000, 0x0000000090e00000, 0x0000000090f00000|  0%| F|  |TAMS 0x0000000090e00000, 0x0000000090e00000| Untracked 
| 133|0x0000000090f00000, 0x0000000090f00000, 0x0000000091000000|  0%| F|  |TAMS 0x0000000090f00000, 0x0000000090f00000| Untracked 
| 134|0x0000000091000000, 0x0000000091000000, 0x0000000091100000|  0%| F|  |TAMS 0x0000000091000000, 0x0000000091000000| Untracked 
| 135|0x0000000091100000, 0x0000000091100000, 0x0000000091200000|  0%| F|  |TAMS 0x0000000091100000, 0x0000000091100000| Untracked 
| 136|0x0000000091200000, 0x0000000091200000, 0x0000000091300000|  0%| F|  |TAMS 0x0000000091200000, 0x0000000091200000| Untracked 
| 137|0x0000000091300000, 0x0000000091300000, 0x0000000091400000|  0%| F|  |TAMS 0x0000000091300000, 0x0000000091300000| Untracked 
| 138|0x0000000091400000, 0x0000000091400000, 0x0000000091500000|  0%| F|  |TAMS 0x0000000091400000, 0x0000000091400000| Untracked 
| 139|0x0000000091500000, 0x0000000091500000, 0x0000000091600000|  0%| F|  |TAMS 0x0000000091500000, 0x0000000091500000| Untracked 
| 140|0x0000000091600000, 0x0000000091600000, 0x0000000091700000|  0%| F|  |TAMS 0x0000000091600000, 0x0000000091600000| Untracked 
| 141|0x0000000091700000, 0x0000000091700000, 0x0000000091800000|  0%| F|  |TAMS 0x0000000091700000, 0x0000000091700000| Untracked 
| 142|0x0000000091800000, 0x0000000091800000, 0x0000000091900000|  0%| F|  |TAMS 0x0000000091800000, 0x0000000091800000| Untracked 
| 143|0x0000000091900000, 0x0000000091900000, 0x0000000091a00000|  0%| F|  |TAMS 0x0000000091900000, 0x0000000091900000| Untracked 

Card table byte_map: [0x000001b136710000,0x000001b136ad0000] _byte_map_base: 0x000001b1362cb000

Marking Bits (Prev, Next): (CMBitMap*) 0x000001b11f2e75a8, (CMBitMap*) 0x000001b11f2e75e0
 Prev Bits: [0x000001b136e90000, 0x000001b138c68000)
 Next Bits: [0x000001b138c70000, 0x000001b13aa48000)

Polling page: 0x000001b11d180000

Metaspace:

Usage:
  Non-class:     50.86 MB capacity,    50.07 MB ( 98%) used,   628.92 KB (  1%) free+waste,   177.63 KB ( <1%) overhead. 
      Class:      7.98 MB capacity,     7.45 MB ( 93%) used,   460.88 KB (  6%) free+waste,    85.19 KB (  1%) overhead. 
       Both:     58.84 MB capacity,    57.52 MB ( 98%) used,     1.06 MB (  2%) free+waste,   262.81 KB ( <1%) overhead. 

Virtual space:
  Non-class space:       52.00 MB reserved,      50.92 MB ( 98%) committed 
      Class space:        1.00 GB reserved,       8.08 MB ( <1%) committed 
             Both:        1.05 GB reserved,      59.00 MB (  5%) committed 

Chunk freelists:
   Non-Class:  7.88 KB
       Class:  2.13 KB
        Both:  10.00 KB

CodeHeap 'non-profiled nmethods': size=239488Kb used=9451Kb max_used=9451Kb free=230036Kb
 bounds [0x000001b127d30000, 0x000001b128670000, 0x000001b136710000]
CodeHeap 'non-nmethods': size=6272Kb used=1239Kb max_used=1239Kb free=5032Kb
 bounds [0x000001b127710000, 0x000001b127980000, 0x000001b127d30000]
 total_blobs=6264 nmethods=5662 adapters=528
 compilation: enabled
              stopped_count=0, restarted_count=0
 full_count=0

Compilation events (10 events):
Event: 15.780 Thread 0x000001b13ce44800 5674       1       com.sun.jmx.mbeanserver.MXBeanSupport::transitiveInterfaces (64 bytes)
Event: 15.780 Thread 0x000001b13ce44800 nmethod 5674 0x000001b128667e90 code [0x000001b128668080, 0x000001b1286682e0]
Event: 15.781 Thread 0x000001b13ce44800 5675       1       javax.management.ImmutableDescriptor::makeMap (125 bytes)
Event: 15.782 Thread 0x000001b13ce44800 nmethod 5675 0x000001b128668490 code [0x000001b1286686c0, 0x000001b128668cd0]
Event: 15.793 Thread 0x000001b13ce44800 5681       1       java.util.regex.Matcher::group (112 bytes)
Event: 15.794 Thread 0x000001b13ce44800 nmethod 5681 0x000001b128669c10 code [0x000001b128669e40, 0x000001b12866a410]
Event: 15.807 Thread 0x000001b13ce44800 5682       1       org.apache.logging.log4j.util.PropertySource::containsProperty (2 bytes)
Event: 15.808 Thread 0x000001b13ce44800 nmethod 5682 0x000001b12866a710 code [0x000001b12866a8a0, 0x000001b12866a9b8]
Event: 15.827 Thread 0x000001b13ce44800 5683       1       sun.nio.ch.Util::isBufferTooLarge (15 bytes)
Event: 15.827 Thread 0x000001b13ce44800 nmethod 5683 0x000001b12866aa10 code [0x000001b12866aba0, 0x000001b12866acb8]

GC Heap History (10 events):
Event: 10.283 GC heap after
{Heap after GC invocations=9 (full 0):
 garbage-first heap   total 122880K, used 14097K [0x0000000088a00000, 0x0000000100000000)
  region size 1024K, 6 young (6144K), 6 survivors (6144K)
 Metaspace       used 28083K, capacity 28921K, committed 29104K, reserved 1075200K
  class space    used 3445K, capacity 3780K, committed 3840K, reserved 1048576K
}
Event: 11.306 GC heap before
{Heap before GC invocations=9 (full 0):
 garbage-first heap   total 122880K, used 80657K [0x0000000088a00000, 0x0000000100000000)
  region size 1024K, 72 young (73728K), 6 survivors (6144K)
 Metaspace       used 32651K, capacity 33691K, committed 33840K, reserved 1079296K
  class space    used 4027K, capacity 4443K, committed 4480K, reserved 1048576K
}
Event: 11.333 GC heap after
{Heap after GC invocations=10 (full 0):
 garbage-first heap   total 147456K, used 16987K [0x0000000088a00000, 0x0000000100000000)
  region size 1024K, 8 young (8192K), 8 survivors (8192K)
 Metaspace       used 32651K, capacity 33691K, committed 33840K, reserved 1079296K
  class space    used 4027K, capacity 4443K, committed 4480K, reserved 1048576K
}
Event: 11.950 GC heap before
{Heap before GC invocations=10 (full 0):
 garbage-first heap   total 147456K, used 54875K [0x0000000088a00000, 0x0000000100000000)
  region size 1024K, 47 young (48128K), 8 survivors (8192K)
 Metaspace       used 34705K, capacity 35825K, committed 35888K, reserved 1081344K
  class space    used 4285K, capacity 4728K, committed 4736K, reserved 1048576K
}
Event: 11.976 GC heap after
{Heap after GC invocations=11 (full 0):
 garbage-first heap   total 147456K, used 17792K [0x0000000088a00000, 0x0000000100000000)
  region size 1024K, 7 young (7168K), 7 survivors (7168K)
 Metaspace       used 34705K, capacity 35825K, committed 35888K, reserved 1081344K
  class space    used 4285K, capacity 4728K, committed 4736K, reserved 1048576K
}
Event: 13.647 GC heap before
{Heap before GC invocations=12 (full 0):
 garbage-first heap   total 147456K, used 97664K [0x0000000088a00000, 0x0000000100000000)
  region size 1024K, 86 young (88064K), 7 survivors (7168K)
 Metaspace       used 45699K, capacity 46931K, committed 47132K, reserved 1089536K
  class space    used 5703K, capacity 6176K, committed 6252K, reserved 1048576K
}
Event: 13.685 GC heap after
{Heap after GC invocations=13 (full 0):
 garbage-first heap   total 147456K, used 25176K [0x0000000088a00000, 0x0000000100000000)
  region size 1024K, 11 young (11264K), 11 survivors (11264K)
 Metaspace       used 45699K, capacity 46931K, committed 47132K, reserved 1089536K
  class space    used 5703K, capacity 6176K, committed 6252K, reserved 1048576K
}
Event: 15.140 GC heap before
{Heap before GC invocations=13 (full 0):
 garbage-first heap   total 147456K, used 101976K [0x0000000088a00000, 0x0000000100000000)
  region size 1024K, 86 young (88064K), 11 survivors (11264K)
 Metaspace       used 56054K, capacity 57373K, committed 57628K, reserved 1099776K
  class space    used 7199K, capacity 7734K, committed 7788K, reserved 1048576K
}
Event: 15.201 GC heap after
{Heap after GC invocations=14 (full 0):
 garbage-first heap   total 147456K, used 30410K [0x0000000088a00000, 0x0000000100000000)
  region size 1024K, 5 young (5120K), 5 survivors (5120K)
 Metaspace       used 56054K, capacity 57373K, committed 57628K, reserved 1099776K
  class space    used 7199K, capacity 7734K, committed 7788K, reserved 1048576K
}
Event: 15.831 GC heap before
{Heap before GC invocations=14 (full 0):
 garbage-first heap   total 147456K, used 54986K [0x0000000088a00000, 0x0000000100000000)
  region size 1024K, 31 young (31744K), 5 survivors (5120K)
 Metaspace       used 58903K, capacity 60256K, committed 60420K, reserved 1101824K
  class space    used 7628K, capacity 8175K, committed 8276K, reserved 1048576K
}

Deoptimization events (0 events):
No events

Classes redefined (0 events):
No events

Internal exceptions (10 events):
Event: 14.504 Thread 0x000001b11f2aa000 Exception <a 'java/lang/ClassNotFoundException'{0x000000008f7e4840}: java/lang/ObjectCustomizer> (0x000000008f7e4840) thrown at [./open/src/hotspot/share/classfile/systemDictionary.cpp, line 228]
Event: 14.506 Thread 0x000001b11f2aa000 Exception <a 'java/lang/ClassNotFoundException'{0x000000008f602810}: org/springframework/security/config/annotation/web/configuration/WebSecurityConfigurationCustomizer> (0x000000008f602810) thrown at [./open/src/hotspot/share/classfile/systemDictionary.c
Event: 14.508 Thread 0x000001b11f2aa000 Exception <a 'java/lang/ClassNotFoundException'{0x000000008f620fa8}: org/springframework/context/annotation/ImportAwareCustomizer> (0x000000008f620fa8) thrown at [./open/src/hotspot/share/classfile/systemDictionary.cpp, line 228]
Event: 14.509 Thread 0x000001b11f2aa000 Exception <a 'java/lang/ClassNotFoundException'{0x000000008f633950}: org/springframework/beans/factory/AwareCustomizer> (0x000000008f633950) thrown at [./open/src/hotspot/share/classfile/systemDictionary.cpp, line 228]
Event: 14.510 Thread 0x000001b11f2aa000 Exception <a 'java/lang/ClassNotFoundException'{0x000000008f647e58}: org/springframework/beans/factory/BeanClassLoaderAwareCustomizer> (0x000000008f647e58) thrown at [./open/src/hotspot/share/classfile/systemDictionary.cpp, line 228]
Event: 14.511 Thread 0x000001b11f2aa000 Exception <a 'java/lang/ClassNotFoundException'{0x000000008f65a810}: org/springframework/beans/factory/AwareCustomizer> (0x000000008f65a810) thrown at [./open/src/hotspot/share/classfile/systemDictionary.cpp, line 228]
Event: 14.634 Thread 0x000001b13f7a8800 Exception <a 'java/lang/NoSuchMethodError'{0x000000008ee9f968}: java.lang.invoke.DirectMethodHandle$Holder.newInvokeSpecial(Ljava/lang/Object;Ljava/lang/Object;ILjava/lang/Object;Ljava/lang/Object;)Ljava/lang/Object;> (0x000000008ee9f968) thrown at [./ope
Event: 15.233 Thread 0x000001b11f2aa000 Exception <a 'java/lang/IncompatibleClassChangeError'{0x00000000918d4b40}: Found class java.lang.Object, but interface was expected> (0x00000000918d4b40) thrown at [./open/src/hotspot/share/interpreter/linkResolver.cpp, line 838]
Event: 15.748 Thread 0x000001b13f7a8800 Exception <a 'java/lang/NoSuchMethodError'{0x0000000090422028}: java.lang.invoke.DirectMethodHandle$Holder.invokeInterface(Ljava/lang/Object;Ljava/lang/Object;)V> (0x0000000090422028) thrown at [./open/src/hotspot/share/interpreter/linkResolver.cpp, line 
Event: 15.776 Thread 0x000001b13f7a8800 Exception <a 'java/lang/NoSuchMethodError'{0x00000000903dd2a0}: java.lang.invoke.DirectMethodHandle$Holder.invokeStaticInit(Ljava/lang/Object;Ljava/lang/Object;Ljava/lang/Object;Ljava/lang/Object;II)Ljava/lang/Object;> (0x00000000903dd2a0) thrown at [./op

Events (10 events):
Event: 15.826 loading class org/hibernate/engine/FetchTiming
Event: 15.826 loading class org/hibernate/engine/FetchTiming done
Event: 15.827 loading class org/hibernate/persister/walking/spi/AssociationAttributeDefinition$AssociationNature
Event: 15.827 loading class org/hibernate/persister/walking/spi/AssociationAttributeDefinition$AssociationNature done
Event: 15.828 Thread 0x000001b141ee8800 Thread added: 0x000001b141ee8800
Event: 15.828 loading class org/apache/tomcat/util/net/Acceptor
Event: 15.828 loading class org/apache/tomcat/util/net/Acceptor done
Event: 15.828 loading class org/hibernate/loader/plan/build/internal/spaces/QuerySpaceHelper
Event: 15.828 loading class org/hibernate/loader/plan/build/internal/spaces/QuerySpaceHelper done
Event: 15.829 Executing VM operation: CollectForMetadataAllocation


Dynamic libraries:
0x00007ff7a18f0000 - 0x00007ff7a18ff000 	C:\Program Files\Java\jdk-11.0.9\bin\java.exe
0x00007ffb22f40000 - 0x00007ffb2312d000 	C:\Windows\SYSTEM32\ntdll.dll
0x00007ffb22510000 - 0x00007ffb225c3000 	C:\Windows\System32\KERNEL32.DLL
0x00007ffb1f890000 - 0x00007ffb1fb25000 	C:\Windows\System32\KERNELBASE.dll
0x00007ffb1fda0000 - 0x00007ffb1fe9a000 	C:\Windows\System32\ucrtbase.dll
0x00007ffb1a1e0000 - 0x00007ffb1a1f8000 	C:\Program Files\Java\jdk-11.0.9\bin\jli.dll
0x00007ffb22c00000 - 0x00007ffb22ca3000 	C:\Windows\System32\ADVAPI32.dll
0x00007ffb20990000 - 0x00007ffb20a2e000 	C:\Windows\System32\msvcrt.dll
0x00007ffb22a30000 - 0x00007ffb22ace000 	C:\Windows\System32\sechost.dll
0x00007ffb22310000 - 0x00007ffb22432000 	C:\Windows\System32\RPCRT4.dll
0x00007ffb22cb0000 - 0x00007ffb22e47000 	C:\Windows\System32\USER32.dll
0x00007ffb1eff0000 - 0x00007ffb1f010000 	C:\Windows\System32\win32u.dll
0x00007ffb20160000 - 0x00007ffb20189000 	C:\Windows\System32\GDI32.dll
0x00007ffb1fc00000 - 0x00007ffb1fd9c000 	C:\Windows\System32\gdi32full.dll
0x00007ffb1f770000 - 0x00007ffb1f810000 	C:\Windows\System32\msvcp_win.dll
0x00007ffb0ff90000 - 0x00007ffb10209000 	C:\Windows\WinSxS\amd64_microsoft.windows.common-controls_6595b64144ccf1df_6.0.17763.1518_none_de6e2bd0534e2567\COMCTL32.dll
0x00007ffb21fe0000 - 0x00007ffb2230d000 	C:\Windows\System32\combase.dll
0x00007ffb200e0000 - 0x00007ffb2015e000 	C:\Windows\System32\bcryptPrimitives.dll
0x00007ffb1a740000 - 0x00007ffb1a74a000 	C:\Windows\SYSTEM32\VERSION.dll
0x00007ffb1a1c0000 - 0x00007ffb1a1d5000 	C:\Program Files\Java\jdk-11.0.9\bin\VCRUNTIME140.dll
0x00007ffb21f30000 - 0x00007ffb21f5e000 	C:\Windows\System32\IMM32.DLL
0x00007ffb0eb60000 - 0x00007ffb0ebfb000 	C:\Program Files\Java\jdk-11.0.9\bin\msvcp140.dll
0x00007ffafc100000 - 0x00007ffafcbf7000 	C:\Program Files\Java\jdk-11.0.9\bin\server\jvm.dll
0x00007ffb227f0000 - 0x00007ffb227f8000 	C:\Windows\System32\PSAPI.DLL
0x00007ffb1a590000 - 0x00007ffb1a599000 	C:\Windows\SYSTEM32\WSOCK32.dll
0x00007ffb225f0000 - 0x00007ffb2265d000 	C:\Windows\System32\WS2_32.dll
0x00007ffb1bf10000 - 0x00007ffb1bf34000 	C:\Windows\SYSTEM32\WINMM.dll
0x00007ffb1bee0000 - 0x00007ffb1bf0d000 	C:\Windows\SYSTEM32\WINMMBASE.dll
0x00007ffb1f810000 - 0x00007ffb1f85a000 	C:\Windows\System32\cfgmgr32.dll
0x00007ffb1ef20000 - 0x00007ffb1ef31000 	C:\Windows\System32\kernel.appcore.dll
0x00007ffb1a150000 - 0x00007ffb1a160000 	C:\Program Files\Java\jdk-11.0.9\bin\verify.dll
0x00007ffb158e0000 - 0x00007ffb15acd000 	C:\Windows\SYSTEM32\DBGHELP.DLL
0x00007ffb14c80000 - 0x00007ffb14caa000 	C:\Windows\SYSTEM32\dbgcore.DLL
0x00007ffb14760000 - 0x00007ffb14788000 	C:\Program Files\Java\jdk-11.0.9\bin\java.dll
0x00007ffb1a040000 - 0x00007ffb1a04a000 	C:\Program Files\Java\jdk-11.0.9\bin\jimage.dll
0x00007ffb14880000 - 0x00007ffb1488e000 	C:\Program Files\Java\jdk-11.0.9\bin\instrument.dll
0x00007ffb19e90000 - 0x00007ffb19ea6000 	C:\Program Files\Java\jdk-11.0.9\bin\zip.dll
0x00007ffb20a30000 - 0x00007ffb21f29000 	C:\Windows\System32\SHELL32.dll
0x00007ffb22980000 - 0x00007ffb22a28000 	C:\Windows\System32\shcore.dll
0x00007ffb1f010000 - 0x00007ffb1f762000 	C:\Windows\System32\windows.storage.dll
0x00007ffb1ef40000 - 0x00007ffb1ef64000 	C:\Windows\System32\profapi.dll
0x00007ffb1ef70000 - 0x00007ffb1efcd000 	C:\Windows\System32\powrprof.dll
0x00007ffb22660000 - 0x00007ffb226b2000 	C:\Windows\System32\shlwapi.dll
0x00007ffb1fb30000 - 0x00007ffb1fb47000 	C:\Windows\System32\cryptsp.dll
0x00007ffb121b0000 - 0x00007ffb121c9000 	C:\Program Files\Java\jdk-11.0.9\bin\net.dll
0x00007ffb0f9e0000 - 0x00007ffb0fad4000 	C:\Windows\SYSTEM32\WINHTTP.dll
0x00007ffb1e790000 - 0x00007ffb1e7f7000 	C:\Windows\system32\mswsock.dll
0x00007ffb12190000 - 0x00007ffb121a2000 	C:\Program Files\Java\jdk-11.0.9\bin\nio.dll
0x00007ffb0ed60000 - 0x00007ffb0ed7a000 	D:\JetBrains\IntelliJ IDEA\bin\breakgen64.dll
0x00007ffb1e490000 - 0x00007ffb1e557000 	C:\Windows\SYSTEM32\DNSAPI.dll
0x00007ffb22970000 - 0x00007ffb22978000 	C:\Windows\System32\NSI.dll
0x00007ffb1e450000 - 0x00007ffb1e48d000 	C:\Windows\SYSTEM32\IPHLPAPI.DLL
0x00007ffb0f610000 - 0x00007ffb0f61a000 	C:\Windows\System32\rasadhlp.dll
0x00007ffb0fbf0000 - 0x00007ffb0fc69000 	C:\Windows\System32\fwpuclnt.dll
0x00007ffb1f860000 - 0x00007ffb1f886000 	C:\Windows\System32\bcrypt.dll
0x00007ffb14860000 - 0x00007ffb14869000 	C:\Program Files\Java\jdk-11.0.9\bin\management.dll
0x00007ffb12100000 - 0x00007ffb1210b000 	C:\Program Files\Java\jdk-11.0.9\bin\management_ext.dll
0x00007ffb1e2b0000 - 0x00007ffb1e2e3000 	C:\Windows\system32\rsaenh.dll
0x00007ffb1ee50000 - 0x00007ffb1ee79000 	C:\Windows\SYSTEM32\USERENV.dll
0x00007ffb1e960000 - 0x00007ffb1e96c000 	C:\Windows\SYSTEM32\CRYPTBASE.dll
0x00007ffb15120000 - 0x00007ffb15136000 	C:\Windows\SYSTEM32\dhcpcsvc6.DLL
0x00007ffb15200000 - 0x00007ffb1521c000 	C:\Windows\SYSTEM32\dhcpcsvc.DLL
0x00007ffb06a70000 - 0x00007ffb06a86000 	C:\Windows\system32\napinsp.dll
0x00007ffb06a50000 - 0x00007ffb06a6a000 	C:\Windows\system32\pnrpnsp.dll
0x00007ffb12bf0000 - 0x00007ffb12bfe000 	C:\Windows\System32\winrnr.dll
0x00007ffb15750000 - 0x00007ffb1576b000 	C:\Windows\system32\NLAapi.dll
0x00007ffb18dd0000 - 0x00007ffb18de5000 	C:\Windows\system32\wshbth.dll
0x00007ffb118e0000 - 0x00007ffb118ed000 	C:\Program Files\Java\jdk-11.0.9\bin\sunmscapi.dll
0x00007ffb1ff00000 - 0x00007ffb200dc000 	C:\Windows\System32\CRYPT32.dll
0x00007ffb1efd0000 - 0x00007ffb1efe2000 	C:\Windows\System32\MSASN1.dll
0x00007ffb1ea60000 - 0x00007ffb1ea86000 	C:\Windows\SYSTEM32\ncrypt.dll
0x00007ffb1ea20000 - 0x00007ffb1ea5c000 	C:\Windows\SYSTEM32\NTASN1.dll
0x00007ffb0ea50000 - 0x00007ffb0ea75000 	C:\Program Files\Java\jdk-11.0.9\bin\sunec.dll

dbghelp: loaded successfully - version: 4.0.5 - missing functions: none
symbol engine: initialized successfully - sym options: 0x614 - pdb path: .;C:\Program Files\Java\jdk-11.0.9\bin;C:\Windows\SYSTEM32;C:\Windows\WinSxS\amd64_microsoft.windows.common-controls_6595b64144ccf1df_6.0.17763.1518_none_de6e2bd0534e2567;C:\Program Files\Java\jdk-11.0.9\bin\server;D:\JetBrains\IntelliJ IDEA\bin

VM Arguments:
jvm_args: -XX:TieredStopAtLevel=1 -Xverify:none -Dspring.output.ansi.enabled=always -Dcom.sun.management.jmxremote -Dspring.jmx.enabled=true -Dspring.liveBeansView.mbeanDomain -Dspring.application.admin.enabled=true -javaagent:D:\JetBrains\IntelliJ IDEA\lib\idea_rt.jar=7159:D:\JetBrains\IntelliJ IDEA\bin -Dfile.encoding=UTF-8 
java_command: by.bsu.springrest.SpringRestApplication
java_class_path (initial): D:\Java_programs\spring_rest\target\classes;C:\Users\Inna\AppData\Roaming\JetBrains\IntelliJIdea2020.2\javascript\extLibs\http_code.jquery.com_jquery-1.9.1.js;C:\Users\Inna\AppData\Roaming\JetBrains\IntelliJIdea2020.2\javascript\extLibs\http_code.jquery.com_ui_1.10.3_jquery-ui.js;C:\Users\Inna\.m2\repository\org\springframework\boot\spring-boot-starter-data-jpa\2.3.4.RELEASE\spring-boot-starter-data-jpa-2.3.4.RELEASE.jar;C:\Users\Inna\.m2\repository\org\springframework\boot\spring-boot-starter-aop\2.3.4.RELEASE\spring-boot-starter-aop-2.3.4.RELEASE.jar;C:\Users\Inna\.m2\repository\org\aspectj\aspectjweaver\1.9.6\aspectjweaver-1.9.6.jar;C:\Users\Inna\.m2\repository\org\springframework\boot\spring-boot-starter-jdbc\2.3.4.RELEASE\spring-boot-starter-jdbc-2.3.4.RELEASE.jar;C:\Users\Inna\.m2\repository\com\zaxxer\HikariCP\3.4.5\HikariCP-3.4.5.jar;C:\Users\Inna\.m2\repository\org\springframework\spring-jdbc\5.2.9.RELEASE\spring-jdbc-5.2.9.RELEASE.jar;C:\Users\Inna\.m2\repository\jakarta\transaction\jakarta.transaction-api\1.3.3\jakarta.transaction-api-1.3.3.jar;C:\Users\Inna\.m2\repository\jakarta\persistence\jakarta.persistence-api\2.2.3\jakarta.persistence-api-2.2.3.jar;C:\Users\Inna\.m2\repository\org\hibernate\hibernate-core\5.4.21.Final\hibernate-core-5.4.21.Final.jar;C:\Users\Inna\.m2\repository\org\jboss\logging\jboss-logging\3.4.1.Final\jboss-logging-3.4.1.Final.jar;C:\Users\Inna\.m2\repository\org\javassist\javassist\3.24.0-GA\javassist-3.24.0-GA.jar;C:\Users\Inna\.m2\repository\net\bytebuddy\byte-buddy\1.10.14\byte-buddy-1.10.14.jar;C:\Users\Inna\.m2\repository\antlr\antlr\2.7.7\antlr-2.7.7.jar;C:\Users\Inna\.m2\repository\org\jboss\jandex\2.1.3.Final\jandex-2.1.3.Final.jar;C:\Users\Inna\.m2\repository\org\dom4j\dom4j\2.1.3\dom4j-2.1.3.jar;C:\Users\Inna\.m2\repository\org\hibernate\common\hibernate-commons-annotations\5.1.0.Final\hibernate-commons-annotations-5.1.0.Final.jar;C:\Users\Inna\.m2\repository\org\glassfish\jaxb\jaxb-runtim
Launcher Type: SUN_STANDARD

[Global flags]
     bool BytecodeVerificationLocal                = false                                     {product} {command line}
     bool BytecodeVerificationRemote               = false                                     {product} {command line}
     intx CICompilerCount                          = 2                                         {product} {ergonomic}
     uint ConcGCThreads                            = 1                                         {product} {ergonomic}
     uint G1ConcRefinementThreads                  = 2                                         {product} {ergonomic}
   size_t G1HeapRegionSize                         = 1048576                                   {product} {ergonomic}
    uintx GCDrainStackTargetSize                   = 64                                        {product} {ergonomic}
   size_t InitialHeapSize                          = 125829120                                 {product} {ergonomic}
     bool ManagementServer                         = true                                      {product} {command line}
   size_t MarkStackSize                            = 4194304                                   {product} {ergonomic}
   size_t MaxHeapSize                              = 2002780160                                {product} {ergonomic}
   size_t MaxNewSize                               = 1201668096                                {product} {ergonomic}
   size_t MinHeapDeltaBytes                        = 1048576                                   {product} {ergonomic}
    uintx NonNMethodCodeHeapSize                   = 6396312                                {pd product} {ergonomic}
    uintx NonProfiledCodeHeapSize                  = 245261928                              {pd product} {ergonomic}
    uintx ProfiledCodeHeapSize                     = 0                                      {pd product} {ergonomic}
    uintx ReservedCodeCacheSize                    = 251658240                              {pd product} {ergonomic}
     bool SegmentedCodeCache                       = true                                      {product} {ergonomic}
     intx TieredStopAtLevel                        = 1                                         {product} {command line}
     bool UseCompressedClassPointers               = true                                 {lp64_product} {ergonomic}
     bool UseCompressedOops                        = true                                 {lp64_product} {ergonomic}
     bool UseG1GC                                  = true                                      {product} {ergonomic}
     bool UseLargePagesIndividualAllocation        = false                                  {pd product} {ergonomic}

Logging:
Log output configuration:
 #0: stdout all=warning uptime,level,tags
 #1: stderr all=off uptime,level,tags

Environment Variables:
PATH=C:\Program Files\Common Files\Oracle\Java\javapath;C:\Program Files (x86)\Common Files\Intel\Shared Libraries\redist\intel64\compiler;C:\Program Files (x86)\Common Files\Oracle\Java\javapath;C:\Windows\system32;C:\Windows;C:\Windows\System32\Wbem;C:\Windows\System32\WindowsPowerShell\v1.0\;C:\Windows\System32\OpenSSH\;C:\Program Files\7-Zip;D:\Git\cmd;C:\Program Files\MySQL\MySQL Shell 8.0\bin\;C:\Users\Inna\AppData\Local\Microsoft\WindowsApps;
USERNAME=Inna
OS=Windows_NT
PROCESSOR_IDENTIFIER=AMD64 Family 21 Model 112 Stepping 0, AuthenticAMD



---------------  S Y S T E M  ---------------

OS: Windows 10 , 64 bit Build 17763 (10.0.17763.475)

CPU:total 2 (initial active 2) (2 cores per cpu, 1 threads per core) family 21 model 112 stepping 0, cmov, cx8, fxsr, mmx, sse, sse2, sse3, ssse3, sse4.1, sse4.2, popcnt, avx, avx2, aes, clmul, mmxext, 3dnowpref, lzcnt, sse4a, tsc, tscinvbit, tscinv, bmi1, bmi2, fma

Memory: 4k page, system-wide physical 7638M (1161M free)
TotalPageFile size 9686M (AvailPageFile size 25M)
current process WorkingSet (physical memory assigned to process): 253M, peak: 253M
current process commit charge ("private bytes"): 301M, peak: 337M

vm_info: Java HotSpot(TM) 64-Bit Server VM (11.0.9+7-LTS) for windows-amd64 JRE (11.0.9+7-LTS), built on Sep 15 2020 16:47:03 by "mach5one" with MS VC++ 15.9 (VS2017)

END.
